#
# There is insufficient memory for the Java Runtime Environment to continue.
# Native memory allocation (malloc) failed to allocate 859696 bytes for Chunk::new
# Possible reasons:
#   The system is out of physical RAM or swap space
#   In 32 bit mode, the process size limit was hit
# Possible solutions:
#   Reduce memory load on the system
#   Increase physical memory or swap space
#   Check if swap backing store is full
#   Use 64 bit Java on a 64 bit OS
#   Decrease Java heap size (-Xmx/-Xms)
#   Decrease number of Java threads
#   Decrease Java thread stack sizes (-Xss)
#   Set larger code cache with -XX:ReservedCodeCacheSize=
# This output file may be truncated or incomplete.
#
#  Out of Memory Error (allocation.cpp:390), pid=2212, tid=0x00000000000017d0
#
# JRE version: OpenJDK Runtime Environment (8.0_152-b01) (build 1.8.0_152-release-1136-b01)
# Java VM: OpenJDK 64-Bit Server VM (25.152-b01 mixed mode windows-amd64 compressed oops)
# Failed to write core dump. Minidumps are not enabled by default on client versions of Windows
#

---------------  T H R E A D  ---------------

Current thread (0x00000000162c4800):  JavaThread "C2 CompilerThread1" daemon [_thread_in_native, id=6096, stack(0x0000000017a10000,0x0000000017b10000)]

Stack: [0x0000000017a10000,0x0000000017b10000]
[error occurred during error reporting (printing stack bounds), id 0xc0000005]

Native frames: (J=compiled Java code, j=interpreted, Vv=VM code, C=native code)


Current CompileTask:
C2: 568781 21362   !   4       org.gradle.api.internal.artifacts.ivyservice.resolveengine.artifact.ArtifactBackedResolvedVariant$DownloadArtifactFile::run (50 bytes)


---------------  P R O C E S S  ---------------

Java Threads: ( => current thread )
  0x000000001b2f0000 JavaThread "Cache worker for Java compile cache (D:\Admin\Documents\Java\wallpaper\android\.gradle\4.4\javaCompile)" [_thread_blocked, id=2544, stack(0x0000000027fd0000,0x00000000280d0000)]
  0x0000000020e66800 JavaThread "Task worker for ':' Thread 3" [_thread_in_native, id=14320, stack(0x0000000026fd0000,0x00000000270d0000)]
  0x0000000020e61000 JavaThread "Task worker for ':' Thread 2" [_thread_blocked, id=9168, stack(0x0000000026ed0000,0x0000000026fd0000)]
  0x0000000020e60000 JavaThread "Task worker for ':'" [_thread_blocked, id=8152, stack(0x0000000026dd0000,0x0000000026ed0000)]
  0x0000000020e5e800 JavaThread "Cache worker for Build Output Cleanup Cache (D:\Admin\Documents\Java\wallpaper\android\.gradle\buildOutputCleanup)" [_thread_blocked, id=3684, stack(0x0000000026cd0000,0x0000000026dd0000)]
  0x0000000020e61800 JavaThread "Cache worker for task history cache (D:\Admin\Documents\Java\wallpaper\android\.gradle\4.4\taskHistory)" [_thread_blocked, id=2172, stack(0x0000000026bd0000,0x0000000026cd0000)]
  0x0000000020e63800 JavaThread "Cache worker for file content cache (D:\Admin\Documents\Java\wallpaper\android\.gradle\4.4\fileContent)" [_thread_blocked, id=5652, stack(0x0000000026ad0000,0x0000000026bd0000)]
  0x0000000020e62800 JavaThread "build operations Thread 4" [_thread_blocked, id=13496, stack(0x00000000269d0000,0x0000000026ad0000)]
  0x0000000020e65800 JavaThread "build operations Thread 3" [_thread_blocked, id=9720, stack(0x00000000268d0000,0x00000000269d0000)]
  0x0000000020e65000 JavaThread "build operations Thread 2" [_thread_blocked, id=13672, stack(0x00000000267d0000,0x00000000268d0000)]
  0x0000000020e64000 JavaThread "build operations" [_thread_blocked, id=14036, stack(0x00000000266d0000,0x00000000267d0000)]
  0x0000000020e5d000 JavaThread "Cache worker for Artifact transforms cache (C:\Users\Admin\.gradle\caches\transforms-1)" [_thread_blocked, id=12652, stack(0x00000000265d0000,0x00000000266d0000)]
  0x0000000020e58800 JavaThread "Cache worker for file hash cache (D:\Admin\Documents\Java\wallpaper\android\.gradle\4.4\fileHashes)" [_thread_blocked, id=14044, stack(0x00000000264d0000,0x00000000265d0000)]
  0x0000000020e58000 JavaThread "Stdin handler" [_thread_blocked, id=2032, stack(0x00000000263d0000,0x00000000264d0000)]
  0x0000000020e57000 JavaThread "Asynchronous log dispatcher for DefaultDaemonConnection: socket connection from /127.0.0.1:58900 to /127.0.0.1:59184" [_thread_blocked, id=12156, stack(0x00000000262d0000,0x00000000263d0000)]
  0x0000000020e59800 JavaThread "Cancel handler" [_thread_blocked, id=12292, stack(0x00000000261d0000,0x00000000262d0000)]
  0x0000000020e5e000 JavaThread "Handler for socket connection from /127.0.0.1:58900 to /127.0.0.1:59184" [_thread_in_native, id=7788, stack(0x00000000260d0000,0x00000000261d0000)]
  0x0000000020e5b800 JavaThread "Daemon worker Thread 2" [_thread_blocked, id=6220, stack(0x0000000024ad0000,0x0000000024bd0000)]
  0x0000000020e5c800 JavaThread "Daemon Thread 2" [_thread_blocked, id=1704, stack(0x00000000247d0000,0x00000000248d0000)]
  0x000000001b2ea000 JavaThread "Memory manager" [_thread_blocked, id=8480, stack(0x000000001f9c0000,0x000000001fac0000)]
  0x00000000183ca800 JavaThread "File lock request listener" [_thread_in_native, id=11328, stack(0x000000001be90000,0x000000001bf90000)]
  0x0000000017cf9800 JavaThread "Cache worker for file hash cache (C:\Users\Admin\.gradle\caches\4.4\fileHashes)" [_thread_blocked, id=6868, stack(0x000000001bd90000,0x000000001be90000)]
  0x0000000017d08000 JavaThread "Daemon periodic checks" [_thread_blocked, id=10092, stack(0x000000001a160000,0x000000001a260000)]
  0x0000000017f5d800 JavaThread "Incoming local TCP Connector on port 58900" [_thread_in_native, id=7904, stack(0x0000000019f20000,0x000000001a020000)]
  0x000000001631d000 JavaThread "Service Thread" daemon [_thread_blocked, id=8740, stack(0x0000000018010000,0x0000000018110000)]
  0x00000000162cc000 JavaThread "C1 CompilerThread2" daemon [_thread_blocked, id=7072, stack(0x0000000017b10000,0x0000000017c10000)]
=>0x00000000162c4800 JavaThread "C2 CompilerThread1" daemon [_thread_in_native, id=6096, stack(0x0000000017a10000,0x0000000017b10000)]
  0x00000000162bf800 JavaThread "C2 CompilerThread0" daemon [_thread_in_native, id=12296, stack(0x0000000017910000,0x0000000017a10000)]
  0x00000000162bd800 JavaThread "Attach Listener" daemon [_thread_blocked, id=12744, stack(0x0000000017810000,0x0000000017910000)]
  0x00000000162bc800 JavaThread "Signal Dispatcher" daemon [_thread_blocked, id=5088, stack(0x0000000017710000,0x0000000017810000)]
  0x00000000162a8800 JavaThread "Finalizer" daemon [_thread_blocked, id=5720, stack(0x0000000017520000,0x0000000017620000)]
  0x0000000002941800 JavaThread "Reference Handler" daemon [_thread_blocked, id=10808, stack(0x0000000017420000,0x0000000017520000)]
  0x0000000002852800 JavaThread "main" [_thread_blocked, id=5096, stack(0x0000000002750000,0x0000000002850000)]

Other Threads:
  0x0000000016285800 VMThread [stack: 0x0000000017320000,0x0000000017420000] [id=12232]
  0x000000001631e000 WatcherThread [stack: 0x0000000018110000,0x0000000018210000] [id=5272]

VM state:not at safepoint (normal execution)

VM Mutex/Monitor currently owned by a thread: None

Heap:
 PSYoungGen      total 454656K, used 211642K [0x00000000e0000000, 0x00000000fee80000, 0x0000000100000000)
  eden space 416768K, 50% used [0x00000000e0000000,0x00000000eceaeae0,0x00000000f9700000)
  from space 37888K, 0% used [0x00000000fc200000,0x00000000fc200000,0x00000000fe700000)
  to   space 44032K, 11% used [0x00000000f9700000,0x00000000f9bda108,0x00000000fc200000)
 ParOldGen       total 256512K, used 252687K [0x00000000a0000000, 0x00000000afa80000, 0x00000000e0000000)
  object space 256512K, 98% used [0x00000000a0000000,0x00000000af6c3cf8,0x00000000afa80000)
 Metaspace       used 103707K, capacity 109492K, committed 110296K, reserved 1144832K
  class space    used 13193K, capacity 14385K, committed 14592K, reserved 1048576K

Card table byte_map: [0x0000000011d10000,0x0000000012020000] byte_map_base: 0x0000000011810000

Marking Bits: (ParMarkBitMap*) 0x000000006e6b5aa0
 Begin Bits: [0x0000000012620000, 0x0000000013e20000)
 End Bits:   [0x0000000013e20000, 0x0000000015620000)

Polling page: 0x00000000005e0000

CodeCache: size=245760Kb used=58773Kb max_used=59536Kb free=186986Kb
 bounds [0x0000000002950000, 0x00000000063c0000, 0x0000000011950000]
 total_blobs=18554 nmethods=17676 adapters=788
 compilation: enabled

Compilation events (10 events):
Event: 567.662 Thread 0x00000000162cc000 21367       3       org.gradle.api.internal.artifacts.ivyservice.resolveengine.artifact.LocalFileDependencyBackedArtifactSet$SingletonFileResolvedVariant::getVariants (5 bytes)
Event: 567.663 Thread 0x00000000162cc000 nmethod 21367 0x000000000510a1d0 code [0x000000000510a360, 0x000000000510a6f0]
Event: 567.663 Thread 0x00000000162cc000 21369       1       org.gradle.api.internal.artifacts.ivyservice.ResolvedFilesCollectingVisitor::getFailures (5 bytes)
Event: 567.663 Thread 0x00000000162cc000 nmethod 21369 0x0000000005dbbd90 code [0x0000000005dbbee0, 0x0000000005dbbff0]
Event: 567.663 Thread 0x00000000162cc000 21370       1       org.gradle.api.internal.artifacts.ivyservice.ResolvedFilesCollectingVisitor::getFiles (5 bytes)
Event: 567.663 Thread 0x00000000162cc000 nmethod 21370 0x0000000005dbba10 code [0x0000000005dbbb60, 0x0000000005dbbc70]
Event: 567.848 Thread 0x00000000162cc000 21371       1       org.gradle.api.internal.tasks.DefaultCacheableTaskOutputFilePropertySpec::getOutputType (5 bytes)
Event: 567.848 Thread 0x00000000162cc000 nmethod 21371 0x0000000005755b90 code [0x0000000005755ce0, 0x0000000005755df0]
Event: 567.848 Thread 0x00000000162cc000 21372       3       org.gradle.api.internal.file.collections.DirectoryFileTree::<init> (15 bytes)
Event: 567.849 Thread 0x00000000162cc000 nmethod 21372 0x00000000060d7f50 code [0x00000000060d8120, 0x00000000060d8828]

GC Heap History (10 events):
Event: 533.557 GC heap before
{Heap before GC invocations=56 (full 4):
 PSYoungGen      total 352768K, used 328726K [0x00000000e0000000, 0x00000000fa600000, 0x0000000100000000)
  eden space 321024K, 100% used [0x00000000e0000000,0x00000000f3980000,0x00000000f3980000)
  from space 31744K, 24% used [0x00000000f3980000,0x00000000f4105950,0x00000000f5880000)
  to   space 30208K, 0% used [0x00000000f8880000,0x00000000f8880000,0x00000000fa600000)
 ParOldGen       total 131584K, used 97080K [0x00000000a0000000, 0x00000000a8080000, 0x00000000e0000000)
  object space 131584K, 73% used [0x00000000a0000000,0x00000000a5ece010,0x00000000a8080000)
 Metaspace       used 102317K, capacity 108222K, committed 108504K, reserved 1142784K
  class space    used 13063K, capacity 14282K, committed 14336K, reserved 1048576K
Event: 533.564 GC heap after
Heap after GC invocations=56 (full 4):
 PSYoungGen      total 394752K, used 3768K [0x00000000e0000000, 0x00000000fa180000, 0x0000000100000000)
  eden space 369152K, 0% used [0x00000000e0000000,0x00000000e0000000,0x00000000f6880000)
  from space 25600K, 14% used [0x00000000f8880000,0x00000000f8c2e330,0x00000000fa180000)
  to   space 29184K, 0% used [0x00000000f6880000,0x00000000f6880000,0x00000000f8500000)
 ParOldGen       total 131584K, used 97104K [0x00000000a0000000, 0x00000000a8080000, 0x00000000e0000000)
  object space 131584K, 73% used [0x00000000a0000000,0x00000000a5ed4010,0x00000000a8080000)
 Metaspace       used 102317K, capacity 108222K, committed 108504K, reserved 1142784K
  class space    used 13063K, capacity 14282K, committed 14336K, reserved 1048576K
}
Event: 540.314 GC heap before
{Heap before GC invocations=57 (full 4):
 PSYoungGen      total 394752K, used 372920K [0x00000000e0000000, 0x00000000fa180000, 0x0000000100000000)
  eden space 369152K, 100% used [0x00000000e0000000,0x00000000f6880000,0x00000000f6880000)
  from space 25600K, 14% used [0x00000000f8880000,0x00000000f8c2e330,0x00000000fa180000)
  to   space 29184K, 0% used [0x00000000f6880000,0x00000000f6880000,0x00000000f8500000)
 ParOldGen       total 131584K, used 97104K [0x00000000a0000000, 0x00000000a8080000, 0x00000000e0000000)
  object space 131584K, 73% used [0x00000000a0000000,0x00000000a5ed4010,0x00000000a8080000)
 Metaspace       used 103040K, capacity 109088K, committed 109400K, reserved 1144832K
  class space    used 13133K, capacity 14387K, committed 14464K, reserved 1048576K
Event: 540.380 GC heap after
Heap after GC invocations=57 (full 4):
 PSYoungGen      total 398336K, used 29173K [0x00000000e0000000, 0x00000000fe700000, 0x0000000100000000)
  eden space 369152K, 0% used [0x00000000e0000000,0x00000000e0000000,0x00000000f6880000)
  from space 29184K, 99% used [0x00000000f6880000,0x00000000f84fd6f0,0x00000000f8500000)
  to   space 37888K, 0% used [0x00000000fc200000,0x00000000fc200000,0x00000000fe700000)
 ParOldGen       total 131584K, used 105822K [0x00000000a0000000, 0x00000000a8080000, 0x00000000e0000000)
  object space 131584K, 80% used [0x00000000a0000000,0x00000000a67578f8,0x00000000a8080000)
 Metaspace       used 103040K, capacity 109088K, committed 109400K, reserved 1144832K
  class space    used 13133K, capacity 14387K, committed 14464K, reserved 1048576K
}
Event: 561.422 GC heap before
{Heap before GC invocations=58 (full 4):
 PSYoungGen      total 398336K, used 394589K [0x00000000e0000000, 0x00000000fe700000, 0x0000000100000000)
  eden space 369152K, 98% used [0x00000000e0000000,0x00000000f64da000,0x00000000f6880000)
  from space 29184K, 99% used [0x00000000f6880000,0x00000000f84fd6f0,0x00000000f8500000)
  to   space 37888K, 0% used [0x00000000fc200000,0x00000000fc200000,0x00000000fe700000)
 ParOldGen       total 131584K, used 105822K [0x00000000a0000000, 0x00000000a8080000, 0x00000000e0000000)
  object space 131584K, 80% used [0x00000000a0000000,0x00000000a67578f8,0x00000000a8080000)
 Metaspace       used 103733K, capacity 109940K, committed 110040K, reserved 1144832K
  class space    used 13243K, capacity 14511K, committed 14592K, reserved 1048576K
Event: 561.451 GC heap after
Heap after GC invocations=58 (full 4):
 PSYoungGen      total 454656K, used 36042K [0x00000000e0000000, 0x00000000fee80000, 0x0000000100000000)
  eden space 416768K, 0% used [0x00000000e0000000,0x00000000e0000000,0x00000000f9700000)
  from space 37888K, 95% used [0x00000000fc200000,0x00000000fe532878,0x00000000fe700000)
  to   space 44032K, 0% used [0x00000000f9700000,0x00000000f9700000,0x00000000fc200000)
 ParOldGen       total 131584K, used 110406K [0x00000000a0000000, 0x00000000a8080000, 0x00000000e0000000)
  object space 131584K, 83% used [0x00000000a0000000,0x00000000a6bd18f8,0x00000000a8080000)
 Metaspace       used 103733K, capacity 109940K, committed 110040K, reserved 1144832K
  class space    used 13243K, capacity 14511K, committed 14592K, reserved 1048576K
}
Event: 564.805 GC heap before
{Heap before GC invocations=59 (full 4):
 PSYoungGen      total 454656K, used 452781K [0x00000000e0000000, 0x00000000fee80000, 0x0000000100000000)
  eden space 416768K, 99% used [0x00000000e0000000,0x00000000f96f8e50,0x00000000f9700000)
  from space 37888K, 95% used [0x00000000fc200000,0x00000000fe532878,0x00000000fe700000)
  to   space 44032K, 0% used [0x00000000f9700000,0x00000000f9700000,0x00000000fc200000)
 ParOldGen       total 131584K, used 110406K [0x00000000a0000000, 0x00000000a8080000, 0x00000000e0000000)
  object space 131584K, 83% used [0x00000000a0000000,0x00000000a6bd18f8,0x00000000a8080000)
 Metaspace       used 103745K, capacity 109948K, committed 110040K, reserved 1144832K
  class space    used 13244K, capacity 14513K, committed 14592K, reserved 1048576K
Event: 564.974 GC heap after
Heap after GC invocations=59 (full 4):
 PSYoungGen      total 454656K, used 452781K [0x00000000e0000000, 0x00000000fee80000, 0x0000000100000000)
  eden space 416768K, 99% used [0x00000000e0000000,0x00000000f96f8e50,0x00000000f9700000)
  from space 37888K, 95% used [0x00000000fc200000,0x00000000fe532878,0x00000000fe700000)
  to   space 44032K, 99% used [0x00000000f9700000,0x00000000fc1fe688,0x00000000fc200000)
 ParOldGen       total 256512K, used 254862K [0x00000000a0000000, 0x00000000afa80000, 0x00000000e0000000)
  object space 256512K, 99% used [0x00000000a0000000,0x00000000af8e3930,0x00000000afa80000)
 Metaspace       used 103745K, capacity 109948K, committed 110040K, reserved 1144832K
  class space    used 13244K, capacity 14513K, committed 14592K, reserved 1048576K
}
Event: 564.974 GC heap before
{Heap before GC invocations=60 (full 5):
 PSYoungGen      total 454656K, used 452781K [0x00000000e0000000, 0x00000000fee80000, 0x0000000100000000)
  eden space 416768K, 99% used [0x00000000e0000000,0x00000000f96f8e50,0x00000000f9700000)
  from space 37888K, 95% used [0x00000000fc200000,0x00000000fe532878,0x00000000fe700000)
  to   space 44032K, 99% used [0x00000000f9700000,0x00000000fc1fe688,0x00000000fc200000)
 ParOldGen       total 256512K, used 254862K [0x00000000a0000000, 0x00000000afa80000, 0x00000000e0000000)
  object space 256512K, 99% used [0x00000000a0000000,0x00000000af8e3930,0x00000000afa80000)
 Metaspace       used 103745K, capacity 109948K, committed 110040K, reserved 1144832K
  class space    used 13244K, capacity 14513K, committed 14592K, reserved 1048576K
Event: 565.823 GC heap after
Heap after GC invocations=60 (full 5):
 PSYoungGen      total 454656K, used 0K [0x00000000e0000000, 0x00000000fee80000, 0x0000000100000000)
  eden space 416768K, 0% used [0x00000000e0000000,0x00000000e0000000,0x00000000f9700000)
  from space 37888K, 0% used [0x00000000fc200000,0x00000000fc200000,0x00000000fe700000)
  to   space 44032K, 11% used [0x00000000f9700000,0x00000000f9bda108,0x00000000fc200000)
 ParOldGen       total 256512K, used 252687K [0x00000000a0000000, 0x00000000afa80000, 0x00000000e0000000)
  object space 256512K, 98% used [0x00000000a0000000,0x00000000af6c3cf8,0x00000000afa80000)
 Metaspace       used 103459K, capacity 109250K, committed 110040K, reserved 1144832K
  class space    used 13142K, capacity 14336K, committed 14592K, reserved 1048576K
}

Deoptimization events (10 events):
Event: 561.360 Thread 0x0000000020e66800 Uncommon trap: reason=bimorphic action=maybe_recompile pc=0x000000000495d564 method=com.google.common.collect.Iterators$4.computeNext()Ljava/lang/Object; @ 27
Event: 561.360 Thread 0x0000000020e66800 Uncommon trap: reason=bimorphic action=maybe_recompile pc=0x000000000495d564 method=com.google.common.collect.Iterators$4.computeNext()Ljava/lang/Object; @ 27
Event: 561.386 Thread 0x0000000020e66800 Uncommon trap: reason=class_check action=maybe_recompile pc=0x0000000006363cf8 method=java.io.SequenceInputStream.read([BII)I @ 58
Event: 561.386 Thread 0x0000000020e66800 Uncommon trap: reason=class_check action=maybe_recompile pc=0x0000000006363cf8 method=java.io.SequenceInputStream.read([BII)I @ 58
Event: 561.386 Thread 0x0000000020e66800 Uncommon trap: reason=class_check action=maybe_recompile pc=0x0000000006363cf8 method=java.io.SequenceInputStream.read([BII)I @ 58
Event: 561.386 Thread 0x0000000020e66800 Uncommon trap: reason=class_check action=maybe_recompile pc=0x0000000006363cf8 method=java.io.SequenceInputStream.read([BII)I @ 58
Event: 567.150 Thread 0x0000000020e66800 Uncommon trap: reason=class_check action=maybe_recompile pc=0x0000000006399748 method=java.util.stream.StreamSpliterators$WrappingSpliterator$$Lambda$661/1139843846.accept(Ljava/lang/Object;)V @ 5
Event: 567.151 Thread 0x0000000020e66800 Uncommon trap: reason=class_check action=maybe_recompile pc=0x0000000006399748 method=java.util.stream.StreamSpliterators$WrappingSpliterator$$Lambda$661/1139843846.accept(Ljava/lang/Object;)V @ 5
Event: 567.177 Thread 0x0000000020e66800 Uncommon trap: reason=class_check action=maybe_recompile pc=0x0000000006399748 method=java.util.stream.StreamSpliterators$WrappingSpliterator$$Lambda$661/1139843846.accept(Ljava/lang/Object;)V @ 5
Event: 567.177 Thread 0x0000000020e66800 Uncommon trap: reason=class_check action=maybe_recompile pc=0x0000000006399748 method=java.util.stream.StreamSpliterators$WrappingSpliterator$$Lambda$661/1139843846.accept(Ljava/lang/Object;)V @ 5

Classes redefined (0 events):
No events

Internal exceptions (10 events):
Event: 539.733 Thread 0x000000001b2ee800 Implicit null exception at 0x0000000003a2aaab to 0x0000000003a2b000
Event: 539.734 Thread 0x000000001b2ee800 Exception <a 'sun/nio/fs/WindowsException'> (0x00000000f257c2a0) thrown at [D:\src\AOSP-openjdk-cygwin\jdk8u\hotspot\src\share\vm\prims\jni.cpp, line 709]
Event: 540.039 Thread 0x000000001b2f4000 Exception <a 'sun/nio/fs/WindowsException'> (0x00000000f2cbda50) thrown at [D:\src\AOSP-openjdk-cygwin\jdk8u\hotspot\src\share\vm\prims\jni.cpp, line 709]
Event: 541.165 Thread 0x000000001b2ee800 Implicit null exception at 0x0000000003a24468 to 0x0000000003a247bc
Event: 541.165 Thread 0x000000001b2ee800 Exception <a 'sun/nio/fs/WindowsException'> (0x00000000e624d730) thrown at [D:\src\AOSP-openjdk-cygwin\jdk8u\hotspot\src\share\vm\prims\jni.cpp, line 709]
Event: 554.872 Thread 0x0000000020e66800 Implicit null exception at 0x000000000632d26a to 0x000000000632d2b9
Event: 554.872 Thread 0x0000000020e66800 Implicit null exception at 0x00000000059fea30 to 0x00000000059fea40
Event: 561.178 Thread 0x0000000020e66800 Exception <a 'java/lang/NoSuchMethodError': java.lang.Object.lambda$comparing$ea9a8b3a$1(Ljava/util/Comparator;Ljava/util/function/Function;Ljava/lang/Object;Ljava/lang/Object;)I> (0x00000000f3326708) thrown at [D:\src\AOSP-openjdk-cygwin\jdk8u\hotspot\sr
Event: 561.362 Thread 0x0000000020e66800 Exception <a 'java/lang/NoSuchMethodError': java.lang.Object.lambda$or$2(Ljava/util/function/Predicate;Ljava/lang/Object;)Z> (0x00000000f33f2180) thrown at [D:\src\AOSP-openjdk-cygwin\jdk8u\hotspot\src\share\vm\interpreter\linkResolver.cpp, line 584]
Event: 567.206 Thread 0x0000000020e66800 Exception <a 'java/io/FileNotFoundException'> (0x00000000ec67d988) thrown at [D:\src\AOSP-openjdk-cygwin\jdk8u\hotspot\src\share\vm\prims\jni.cpp, line 709]

Events (10 events):
Event: 567.495 Executing VM operation: RevokeBias
Event: 567.496 Executing VM operation: RevokeBias done
Event: 567.496 Executing VM operation: RevokeBias
Event: 567.496 Executing VM operation: RevokeBias done
Event: 567.496 Executing VM operation: RevokeBias
Event: 567.496 Executing VM operation: RevokeBias done
Event: 567.496 Executing VM operation: RevokeBias
Event: 567.496 Executing VM operation: RevokeBias done
Event: 567.496 Executing VM operation: BulkRevokeBias
Event: 567.496 Executing VM operation: BulkRevokeBias done


Dynamic libraries:
0x00007ff6d80b0000 - 0x00007ff6d80e1000 	D:\Admin\Other\android-studio\jre\bin\java.exe
0x00007ff8ec710000 - 0x00007ff8ec8f1000 	C:\WINDOWS\SYSTEM32\ntdll.dll
0x00007ff8ec570000 - 0x00007ff8ec622000 	C:\WINDOWS\System32\KERNEL32.DLL
0x00007ff8e8d10000 - 0x00007ff8e8f83000 	C:\WINDOWS\System32\KERNELBASE.dll
0x00007ff8e9dd0000 - 0x00007ff8e9e71000 	C:\WINDOWS\System32\ADVAPI32.dll
0x00007ff8e9d30000 - 0x00007ff8e9dce000 	C:\WINDOWS\System32\msvcrt.dll
0x00007ff8ec2b0000 - 0x00007ff8ec30b000 	C:\WINDOWS\System32\sechost.dll
0x00007ff8eb390000 - 0x00007ff8eb4b4000 	C:\WINDOWS\System32\RPCRT4.dll
0x00007ff8eb4c0000 - 0x00007ff8eb650000 	C:\WINDOWS\System32\USER32.dll
0x00007ff8e8f90000 - 0x00007ff8e8fb0000 	C:\WINDOWS\System32\win32u.dll
0x00007ff8eb880000 - 0x00007ff8eb8a8000 	C:\WINDOWS\System32\GDI32.dll
0x00007ff8e9050000 - 0x00007ff8e91e2000 	C:\WINDOWS\System32\gdi32full.dll
0x00007ff8e8fb0000 - 0x00007ff8e904f000 	C:\WINDOWS\System32\msvcp_win.dll
0x00007ff8e8b90000 - 0x00007ff8e8c8a000 	C:\WINDOWS\System32\ucrtbase.dll
0x00007ff8dc100000 - 0x00007ff8dc369000 	C:\WINDOWS\WinSxS\amd64_microsoft.windows.common-controls_6595b64144ccf1df_6.0.17134.112_none_fb3f961b30681c12\COMCTL32.dll
0x00007ff8eb8b0000 - 0x00007ff8ebbd3000 	C:\WINDOWS\System32\combase.dll
0x00007ff8e8c90000 - 0x00007ff8e8d0a000 	C:\WINDOWS\System32\bcryptPrimitives.dll
0x00007ff8ec320000 - 0x00007ff8ec34d000 	C:\WINDOWS\System32\IMM32.DLL
0x000000006e740000 - 0x000000006e812000 	D:\Admin\Other\android-studio\jre\jre\bin\msvcr100.dll
0x000000006def0000 - 0x000000006e731000 	D:\Admin\Other\android-studio\jre\jre\bin\server\jvm.dll
0x00007ff8ec500000 - 0x00007ff8ec508000 	C:\WINDOWS\System32\PSAPI.DLL
0x00007ff8e13c0000 - 0x00007ff8e13ca000 	C:\WINDOWS\SYSTEM32\VERSION.dll
0x00007ff8e6800000 - 0x00007ff8e6823000 	C:\WINDOWS\SYSTEM32\WINMM.dll
0x00007ff8dacb0000 - 0x00007ff8dacb9000 	C:\WINDOWS\SYSTEM32\WSOCK32.dll
0x00007ff8eb810000 - 0x00007ff8eb87c000 	C:\WINDOWS\System32\ws2_32.DLL
0x00007ff8e67d0000 - 0x00007ff8e67fa000 	C:\WINDOWS\SYSTEM32\WINMMBASE.dll
0x00007ff8e8b40000 - 0x00007ff8e8b89000 	C:\WINDOWS\System32\cfgmgr32.dll
0x00007ff8d83c0000 - 0x00007ff8d83cf000 	D:\Admin\Other\android-studio\jre\jre\bin\verify.dll
0x00007ff8d4280000 - 0x00007ff8d42a9000 	D:\Admin\Other\android-studio\jre\jre\bin\java.dll
0x00007ff8d4260000 - 0x00007ff8d4276000 	D:\Admin\Other\android-studio\jre\jre\bin\zip.dll
0x00007ff8e9e80000 - 0x00007ff8eb2c0000 	C:\WINDOWS\System32\SHELL32.dll
0x00007ff8ec630000 - 0x00007ff8ec6d9000 	C:\WINDOWS\System32\shcore.dll
0x00007ff8e9490000 - 0x00007ff8e9b9d000 	C:\WINDOWS\System32\windows.storage.dll
0x00007ff8ebbe0000 - 0x00007ff8ebc31000 	C:\WINDOWS\System32\shlwapi.dll
0x00007ff8e8a20000 - 0x00007ff8e8a31000 	C:\WINDOWS\System32\kernel.appcore.dll
0x00007ff8e8ac0000 - 0x00007ff8e8adf000 	C:\WINDOWS\System32\profapi.dll
0x00007ff8e8a70000 - 0x00007ff8e8abc000 	C:\WINDOWS\System32\powrprof.dll
0x00007ff8e8a60000 - 0x00007ff8e8a6a000 	C:\WINDOWS\System32\FLTLIB.DLL
0x00007ff8d41b0000 - 0x00007ff8d41ca000 	D:\Admin\Other\android-studio\jre\jre\bin\net.dll
0x00007ff8e8240000 - 0x00007ff8e82a6000 	C:\WINDOWS\system32\mswsock.dll
0x00007ff8d4190000 - 0x00007ff8d41a1000 	D:\Admin\Other\android-studio\jre\jre\bin\nio.dll
0x00007ff8d4170000 - 0x00007ff8d418e000 	C:\Users\Admin\.gradle\native\25\windows-amd64\native-platform.dll
0x00007ff8d8340000 - 0x00007ff8d834d000 	D:\Admin\Other\android-studio\jre\jre\bin\management.dll
0x00007ff8e83f0000 - 0x00007ff8e8407000 	C:\WINDOWS\SYSTEM32\CRYPTSP.dll
0x00007ff8e7e20000 - 0x00007ff8e7e53000 	C:\WINDOWS\system32\rsaenh.dll
0x00007ff8e8520000 - 0x00007ff8e8545000 	C:\WINDOWS\SYSTEM32\bcrypt.dll
0x00007ff8e8950000 - 0x00007ff8e8978000 	C:\WINDOWS\SYSTEM32\USERENV.dll
0x00007ff8e8410000 - 0x00007ff8e841b000 	C:\WINDOWS\SYSTEM32\CRYPTBASE.dll
0x00007ff8e7fc0000 - 0x00007ff8e7ff8000 	C:\WINDOWS\SYSTEM32\IPHLPAPI.DLL
0x00007ff8ec310000 - 0x00007ff8ec318000 	C:\WINDOWS\System32\NSI.dll
0x00007ff8e19d0000 - 0x00007ff8e19e6000 	C:\WINDOWS\SYSTEM32\dhcpcsvc6.DLL
0x00007ff8e19b0000 - 0x00007ff8e19ca000 	C:\WINDOWS\SYSTEM32\dhcpcsvc.DLL
0x00007ff8dbca0000 - 0x00007ff8dbcc4000 	D:\Admin\Other\android-studio\jre\jre\bin\sunec.dll
0x00007ff8e8000000 - 0x00007ff8e80be000 	C:\WINDOWS\SYSTEM32\DNSAPI.dll
0x00007ff8e12e0000 - 0x00007ff8e12ea000 	C:\Windows\System32\rasadhlp.dll
0x00007ff8e15b0000 - 0x00007ff8e1622000 	C:\WINDOWS\System32\fwpuclnt.dll
0x00007ff8e0f60000 - 0x00007ff8e0f6b000 	D:\Admin\Other\android-studio\jre\jre\bin\sunmscapi.dll
0x00007ff8e91f0000 - 0x00007ff8e93d2000 	C:\WINDOWS\System32\CRYPT32.dll
0x00007ff8e8a40000 - 0x00007ff8e8a52000 	C:\WINDOWS\System32\MSASN1.dll
0x00007ff8e7b10000 - 0x00007ff8e7b41000 	C:\WINDOWS\SYSTEM32\ntmarta.dll

VM Arguments:
jvm_args: -Xmx1536M -Dfile.encoding=windows-1252 -Duser.country=US -Duser.language=en -Duser.variant 
java_command: org.gradle.launcher.daemon.bootstrap.GradleDaemon 4.4
java_class_path (initial): C:\Users\Admin\.gradle\wrapper\dists\gradle-4.4-all\9br9xq1tocpiv8o6njlyu5op1\gradle-4.4\lib\gradle-launcher-4.4.jar
Launcher Type: SUN_STANDARD

Environment Variables:
JAVA_HOME=D:\Admin\Other\android-studio\jre
CLASSPATH=D:\Admin\Documents\Java\wallpaper\android\\gradle\wrapper\gradle-wrapper.jar
PATH=C:\ProgramData\Oracle\Java\javapath;C:\Program Files (x86)\Intel\iCLS Client\;C:\Program Files\Intel\iCLS Client\;C:\WINDOWS\system32;C:\WINDOWS;C:\WINDOWS\System32\Wbem;C:\WINDOWS\System32\WindowsPowerShell\v1.0\;C:\Program Files (x86)\Intel\Intel(R) Management Engine Components\DAL;C:\Program Files\Intel\Intel(R) Management Engine Components\DAL;C:\Program Files (x86)\Intel\Intel(R) Management Engine Components\IPT;C:\Program Files\Intel\Intel(R) Management Engine Components\IPT;C:\MinGW\bin;C:\Program Files\Java\jdk-9.0.1\bin;C:\Program Files\nodejs\;D:\Admin\Other\kotlinc\bin;C:\Program Files\Git\cmd;C:\WINDOWS\System32\OpenSSH\;C:\Program Files (x86)\Brackets\command;C:\Program Files\Dart\dart-sdk\bin;C:\Ruby25-x64\bin;C:\Users\Admin\AppData\Local\Programs\Python\Python36-32\Scripts\;C:\Users\Admin\AppData\Local\Programs\Python\Python36-32\;C:\Users\Admin\.cargo\bin;C:\Users\Admin\AppData\Local\Microsoft\WindowsApps;C:\Program Files\Microsoft VS Code\bin;C:\Users\Admin\AppData\Roaming\npm;C:\flutter\bin;
USERNAME=Peter Hoc
OS=Windows_NT
PROCESSOR_IDENTIFIER=Intel64 Family 6 Model 142 Stepping 9, GenuineIntel



---------------  S Y S T E M  ---------------

OS: Windows 10.0 , 64 bit Build 17134 (10.0.17134.1)

CPU:total 4 (initial active 4) (2 cores per cpu, 2 threads per core) family 6 model 142 stepping 9, cmov, cx8, fxsr, mmx, sse, sse2, sse3, ssse3, sse4.1, sse4.2, popcnt, avx, avx2, aes, clmul, erms, 3dnowpref, lzcnt, ht, tsc, tscinvbit, bmi1, bmi2, adx

Memory: 4k page, physical 3984428k(348624k free), swap 6808620k(4868k free)

vm_info: OpenJDK 64-Bit Server VM (25.152-b01) for windows-amd64 JRE (1.8.0_152-release-1136-b01), built by "builder" with MS VC++ 10.0 (VS2010)

time: Mon Jun 18 17:40:29 2018
elapsed time: 569 seconds (0d 0h 9m 29s)

